<?xml version="1.0" encoding="UTF-8"?>
<!-- Generated by org.testng.reporters.JUnitReportReporter -->
<testsuite hostname="DESKTOP-DNV1H71" failures="0" tests="3" name="Testcases.Admintest" time="33.182" errors="0" timestamp="2021-03-09T20:40:00 AEDT" skipped="0">
  <testcase classname="Testcases.Admintest" name="t1" time="15.868"/>
  <testcase classname="Testcases.Admintest" name="t2" time="8.318"/>
  <testcase classname="Testcases.Admintest" name="t3" time="8.996"/>
</testsuite> <!-- Testcases.Admintest -->
